  [1m[35m (0.6ms)[0m  [1m[35mDROP DATABASE IF EXISTS "__webpack_development"[0m
  [1m[35m (0.2ms)[0m  [1m[35mDROP DATABASE IF EXISTS "__webpack_test"[0m
  [1m[35m (227.3ms)[0m  [1m[35mCREATE DATABASE "__webpack_development" ENCODING = 'unicode'[0m
  [1m[35m (46.0ms)[0m  [1m[35mCREATE DATABASE "__webpack_test" ENCODING = 'unicode'[0m
  [1m[35m (10.0ms)[0m  [1m[35mCREATE TABLE "schema_migrations" ("version" character varying NOT NULL PRIMARY KEY)[0m
  [1m[35m (7.8ms)[0m  [1m[35mCREATE TABLE "ar_internal_metadata" ("key" character varying NOT NULL PRIMARY KEY, "value" character varying, "created_at" timestamp(6) NOT NULL, "updated_at" timestamp(6) NOT NULL)[0m
  [1m[35m (0.5ms)[0m  [1m[34mSELECT pg_try_advisory_lock(2935717777971003795)[0m
  [1m[36mActiveRecord::SchemaMigration Pluck (0.4ms)[0m  [1m[34mSELECT "schema_migrations"."version" FROM "schema_migrations" ORDER BY "schema_migrations"."version" ASC[0m
  [1m[36mActiveRecord::InternalMetadata Load (0.3ms)[0m  [1m[34mSELECT "ar_internal_metadata".* FROM "ar_internal_metadata" WHERE "ar_internal_metadata"."key" = $1 LIMIT $2[0m  [["key", "environment"], ["LIMIT", 1]]
  [1m[36mTRANSACTION (0.1ms)[0m  [1m[35mBEGIN[0m
  [1m[36mActiveRecord::InternalMetadata Create (1.8ms)[0m  [1m[32mINSERT INTO "ar_internal_metadata" ("key", "value", "created_at", "updated_at") VALUES ($1, $2, $3, $4) RETURNING "key"[0m  [["key", "environment"], ["value", "development"], ["created_at", "2022-10-06 03:20:09.388117"], ["updated_at", "2022-10-06 03:20:09.388117"]]
  [1m[36mTRANSACTION (0.1ms)[0m  [1m[35mCOMMIT[0m
  [1m[35m (0.2ms)[0m  [1m[34mSELECT pg_advisory_unlock(2935717777971003795)[0m
  [1m[36mActiveRecord::SchemaMigration Pluck (0.4ms)[0m  [1m[34mSELECT "schema_migrations"."version" FROM "schema_migrations" ORDER BY "schema_migrations"."version" ASC[0m
  [1m[35m (0.2ms)[0m  [1m[34mSELECT pg_try_advisory_lock(2935717777971003795)[0m
  [1m[36mActiveRecord::SchemaMigration Pluck (0.9ms)[0m  [1m[34mSELECT "schema_migrations"."version" FROM "schema_migrations" ORDER BY "schema_migrations"."version" ASC[0m
Migrating to DeviseCreateUsers (20221006032013)
  [1m[36mTRANSACTION (0.1ms)[0m  [1m[35mBEGIN[0m
  [1m[35m (10.8ms)[0m  [1m[35mCREATE TABLE "users" ("id" bigserial primary key, "email" character varying DEFAULT '' NOT NULL, "encrypted_password" character varying DEFAULT '' NOT NULL, "reset_password_token" character varying, "reset_password_sent_at" timestamp(6), "remember_created_at" timestamp(6), "created_at" timestamp(6) NOT NULL, "updated_at" timestamp(6) NOT NULL)[0m
  [1m[35m (1.1ms)[0m  [1m[35mCREATE UNIQUE INDEX "index_users_on_email" ON "users" ("email")[0m
  [1m[35m (1.6ms)[0m  [1m[35mCREATE UNIQUE INDEX "index_users_on_reset_password_token" ON "users" ("reset_password_token")[0m
  [1m[36mActiveRecord::SchemaMigration Create (0.8ms)[0m  [1m[32mINSERT INTO "schema_migrations" ("version") VALUES ($1) RETURNING "version"[0m  [["version", "20221006032013"]]
  [1m[36mTRANSACTION (0.8ms)[0m  [1m[35mCOMMIT[0m
  [1m[36mActiveRecord::InternalMetadata Load (0.4ms)[0m  [1m[34mSELECT "ar_internal_metadata".* FROM "ar_internal_metadata" WHERE "ar_internal_metadata"."key" = $1 LIMIT $2[0m  [["key", "environment"], ["LIMIT", 1]]
  [1m[35m (0.3ms)[0m  [1m[34mSELECT pg_advisory_unlock(2935717777971003795)[0m
  [1m[36mActiveRecord::SchemaMigration Pluck (0.4ms)[0m  [1m[34mSELECT "schema_migrations"."version" FROM "schema_migrations" ORDER BY "schema_migrations"."version" ASC[0m
  [1m[35m (1.0ms)[0m  [1m[34mSELECT pg_try_advisory_lock(2935717777971003795)[0m
  [1m[36mActiveRecord::SchemaMigration Pluck (1.5ms)[0m  [1m[34mSELECT "schema_migrations"."version" FROM "schema_migrations" ORDER BY "schema_migrations"."version" ASC[0m
Migrating to CreateHabits (20221006035835)
  [1m[36mTRANSACTION (0.2ms)[0m  [1m[35mBEGIN[0m
  [1m[35m (15.1ms)[0m  [1m[35mCREATE TABLE "habits" ("id" bigserial primary key, "name" character varying, "current_streak" integer, "longest_streak" integer, "total_streak" integer, "current_gap" integer, "longest_gap" integer, "total_gap" integer, "created_at" timestamp(6) NOT NULL, "updated_at" timestamp(6) NOT NULL)[0m
  [1m[36mActiveRecord::SchemaMigration Create (0.8ms)[0m  [1m[32mINSERT INTO "schema_migrations" ("version") VALUES ($1) RETURNING "version"[0m  [["version", "20221006035835"]]
  [1m[36mTRANSACTION (4.0ms)[0m  [1m[35mCOMMIT[0m
  [1m[36mActiveRecord::InternalMetadata Load (3.8ms)[0m  [1m[34mSELECT "ar_internal_metadata".* FROM "ar_internal_metadata" WHERE "ar_internal_metadata"."key" = $1 LIMIT $2[0m  [["key", "environment"], ["LIMIT", 1]]
  [1m[35m (0.4ms)[0m  [1m[34mSELECT pg_advisory_unlock(2935717777971003795)[0m
  [1m[36mActiveRecord::SchemaMigration Pluck (0.9ms)[0m  [1m[34mSELECT "schema_migrations"."version" FROM "schema_migrations" ORDER BY "schema_migrations"."version" ASC[0m
Started GET "/" for 127.0.0.1 at 2022-10-06 15:11:22 +1100
  [1m[36mActiveRecord::SchemaMigration Pluck (2.2ms)[0m  [1m[34mSELECT "schema_migrations"."version" FROM "schema_migrations" ORDER BY "schema_migrations"."version" ASC[0m
Processing by PagesController#home as HTML
  Rendering layout layouts/application.html.erb
  Rendering pages/home.html.erb within layouts/application
  Rendered pages/home.html.erb within layouts/application (Duration: 1.2ms | Allocations: 439)
  Rendered shared/_navbar.html.erb (Duration: 3.0ms | Allocations: 863)
  Rendered shared/_flashes.html.erb (Duration: 0.4ms | Allocations: 221)
  Rendered layout layouts/application.html.erb (Duration: 5651.8ms | Allocations: 185006)
Completed 200 OK in 5664ms (Views: 5655.5ms | ActiveRecord: 0.0ms | Allocations: 189660)


Started GET "/" for 127.0.0.1 at 2022-10-06 15:28:31 +1100
Processing by PagesController#home as HTML
  Rendering layout layouts/application.html.erb
  Rendering pages/home.html.erb within layouts/application
  Rendered pages/home.html.erb within layouts/application (Duration: 0.3ms | Allocations: 124)
  Rendered shared/_navbar.html.erb (Duration: 1.1ms | Allocations: 682)
  Rendered shared/_flashes.html.erb (Duration: 0.3ms | Allocations: 206)
  Rendered layout layouts/application.html.erb (Duration: 56.3ms | Allocations: 22882)
Completed 200 OK in 61ms (Views: 58.8ms | Allocations: 23922)


Started GET "/index" for 127.0.0.1 at 2022-10-06 15:33:55 +1100
  
ActionController::RoutingError (No route matches [GET] "/index"):
  
Started GET "/habots" for 127.0.0.1 at 2022-10-06 15:35:29 +1100
  
ActionController::RoutingError (No route matches [GET] "/habots"):
  
Started GET "/habots" for 127.0.0.1 at 2022-10-06 15:35:32 +1100
  
ActionController::RoutingError (No route matches [GET] "/habots"):
  
Started GET "/habits" for 127.0.0.1 at 2022-10-06 15:35:35 +1100
  
SyntaxError (/Users/Ben/code/benschem/streaks/streaks/app/controllers/habits_controller.rb:13: syntax error, unexpected ']', expecting ')'
...habit = Habit.new(habit_params])
...                              ^
):
  
app/controllers/habits_controller.rb:13: syntax error, unexpected ']', expecting ')'
app/controllers/habits_controller.rb:13: syntax error, unexpected ']', expecting ')'
app/controllers/habits_controller.rb:13: syntax error, unexpected ']', expecting ')'
Started GET "/habits" for 127.0.0.1 at 2022-10-06 15:36:02 +1100
Processing by HabitsController#index as HTML
Completed 401 Unauthorized in 5ms (Allocations: 1767)


Started GET "/users/sign_in" for 127.0.0.1 at 2022-10-06 15:36:03 +1100
Processing by Devise::SessionsController#new as HTML
  Rendering layout layouts/application.html.erb
  Rendering devise/sessions/new.html.erb within layouts/application
  Rendered devise/shared/_links.html.erb (Duration: 1.0ms | Allocations: 725)
  Rendered devise/sessions/new.html.erb within layouts/application (Duration: 77.0ms | Allocations: 33811)
  Rendered shared/_navbar.html.erb (Duration: 0.7ms | Allocations: 588)
  Rendered shared/_flashes.html.erb (Duration: 0.3ms | Allocations: 214)
  Rendered layout layouts/application.html.erb (Duration: 98.8ms | Allocations: 56158)
Completed 200 OK in 327ms (Views: 103.0ms | ActiveRecord: 68.7ms | Allocations: 67104)


Started GET "/" for 127.0.0.1 at 2022-10-06 16:37:45 +1100
Processing by PagesController#home as HTML
  Rendering layout layouts/application.html.erb
  Rendering pages/home.html.erb within layouts/application
  Rendered pages/home.html.erb within layouts/application (Duration: 8.5ms | Allocations: 4733)
  Rendered layout layouts/application.html.erb (Duration: 8.7ms | Allocations: 4821)
Completed 500 Internal Server Error in 13ms (Allocations: 5641)


  
ActionView::Template::Error (undefined local variable or method `title' for #<ActionView::Base:0x0000000001b788>

'.freeze;@output_buffer.append=( link_to(title, path) );
                                         ^^^^^):
    1: <h1>Pages#home</h1>
    2: <p>Find me in app/views/pages/home.html.erb</p>
    3: <%= link_to(title, path) %>
  
app/views/pages/home.html.erb:3
  [1m[36mActiveRecord::SchemaMigration Pluck (1.8ms)[0m  [1m[34mSELECT "schema_migrations"."version" FROM "schema_migrations" ORDER BY "schema_migrations"."version" ASC[0m
  [1m[36mTRANSACTION (0.2ms)[0m  [1m[35mBEGIN[0m
  [1m[36mHabit Create (4.8ms)[0m  [1m[32mINSERT INTO "habits" ("name", "current_streak", "longest_streak", "total_streak", "current_gap", "longest_gap", "total_gap", "created_at", "updated_at") VALUES ($1, $2, $3, $4, $5, $6, $7, $8, $9) RETURNING "id"[0m  [["name", "Go to the gym"], ["current_streak", 0], ["longest_streak", 1], ["total_streak", 1], ["current_gap", 1], ["longest_gap", 1], ["total_gap", 1], ["created_at", "2022-10-06 05:38:15.414961"], ["updated_at", "2022-10-06 05:38:15.414961"]]
  [1m[36mTRANSACTION (1.1ms)[0m  [1m[35mCOMMIT[0m
  [1m[36mTRANSACTION (0.1ms)[0m  [1m[35mBEGIN[0m
  [1m[36mHabit Create (0.5ms)[0m  [1m[32mINSERT INTO "habits" ("name", "current_streak", "longest_streak", "total_streak", "current_gap", "longest_gap", "total_gap", "created_at", "updated_at") VALUES ($1, $2, $3, $4, $5, $6, $7, $8, $9) RETURNING "id"[0m  [["name", "Stretch"], ["current_streak", 2], ["longest_streak", 2], ["total_streak", 2], ["current_gap", 1], ["longest_gap", 1], ["total_gap", 1], ["created_at", "2022-10-06 05:38:15.426074"], ["updated_at", "2022-10-06 05:38:15.426074"]]
  [1m[36mTRANSACTION (0.2ms)[0m  [1m[35mCOMMIT[0m
  [1m[36mTRANSACTION (0.1ms)[0m  [1m[35mBEGIN[0m
  [1m[36mHabit Create (0.3ms)[0m  [1m[32mINSERT INTO "habits" ("name", "current_streak", "longest_streak", "total_streak", "current_gap", "longest_gap", "total_gap", "created_at", "updated_at") VALUES ($1, $2, $3, $4, $5, $6, $7, $8, $9) RETURNING "id"[0m  [["name", "Practise coding"], ["current_streak", 3], ["longest_streak", 11], ["total_streak", 26], ["current_gap", 0], ["longest_gap", 3], ["total_gap", 14], ["created_at", "2022-10-06 05:38:15.429731"], ["updated_at", "2022-10-06 05:38:15.429731"]]
  [1m[36mTRANSACTION (0.2ms)[0m  [1m[35mCOMMIT[0m
  [1m[36mTRANSACTION (0.1ms)[0m  [1m[35mBEGIN[0m
  [1m[36mHabit Create (0.3ms)[0m  [1m[32mINSERT INTO "habits" ("name", "current_streak", "longest_streak", "total_streak", "current_gap", "longest_gap", "total_gap", "created_at", "updated_at") VALUES ($1, $2, $3, $4, $5, $6, $7, $8, $9) RETURNING "id"[0m  [["name", "Apply for jobs"], ["current_streak", 0], ["longest_streak", 0], ["total_streak", 0], ["current_gap", 0], ["longest_gap", 0], ["total_gap", 0], ["created_at", "2022-10-06 05:38:15.433066"], ["updated_at", "2022-10-06 05:38:15.433066"]]
  [1m[36mTRANSACTION (0.2ms)[0m  [1m[35mCOMMIT[0m
Started GET "/" for 127.0.0.1 at 2023-02-22 18:07:36 +1100
  [1m[36mActiveRecord::SchemaMigration Pluck (3.5ms)[0m  [1m[34mSELECT "schema_migrations"."version" FROM "schema_migrations" ORDER BY "schema_migrations"."version" ASC[0m
Processing by PagesController#home as HTML
  Rendering layout layouts/application.html.erb
  Rendering pages/home.html.erb within layouts/application
  Rendered pages/home.html.erb within layouts/application (Duration: 7.2ms | Allocations: 5270)
  Rendered layout layouts/application.html.erb (Duration: 7.4ms | Allocations: 5380)
Completed 500 Internal Server Error in 15ms (ActiveRecord: 0.0ms | Allocations: 8749)


  
ActionView::Template::Error (undefined local variable or method `title' for #<ActionView::Base:0x0000000000c968>

'.freeze;@output_buffer.append=( link_to(title, path) );
                                         ^^^^^):
    1: <h1>Pages#home</h1>
    2: <p>Find me in app/views/pages/home.html.erb</p>
    3: <%= link_to(title, path) %>
  
app/views/pages/home.html.erb:3
Started GET "/" for 127.0.0.1 at 2023-02-22 18:14:16 +1100
Processing by PagesController#home as HTML
  Rendering layout layouts/application.html.erb
  Rendering pages/home.html.erb within layouts/application
  Rendered pages/home.html.erb within layouts/application (Duration: 1.8ms | Allocations: 147)
  [1m[36mUser Load (8.3ms)[0m  [1m[34mSELECT "users".* FROM "users" WHERE "users"."id" = $1 ORDER BY "users"."id" ASC LIMIT $2[0m  [["id", 1], ["LIMIT", 1]]
  ↳ app/views/shared/_navbar.html.erb:13
  Rendered shared/_navbar.html.erb (Duration: 314.6ms | Allocations: 19586)
  Rendered shared/_flashes.html.erb (Duration: 1.2ms | Allocations: 251)
  Rendered layout layouts/application.html.erb (Duration: 464.8ms | Allocations: 80557)
Completed 200 OK in 485ms (Views: 481.7ms | ActiveRecord: 205.4ms | Allocations: 81458)


Started GET "/" for 127.0.0.1 at 2023-02-22 20:19:07 +1100
Processing by PagesController#home as HTML
  Rendering layout layouts/application.html.erb
  Rendering pages/home.html.erb within layouts/application
  Rendered pages/home.html.erb within layouts/application (Duration: 0.8ms | Allocations: 183)
  [1m[36mUser Load (38.3ms)[0m  [1m[34mSELECT "users".* FROM "users" WHERE "users"."id" = $1 ORDER BY "users"."id" ASC LIMIT $2[0m  [["id", 1], ["LIMIT", 1]]
  ↳ app/views/shared/_navbar.html.erb:13
  Rendered shared/_navbar.html.erb (Duration: 235.7ms | Allocations: 6943)
  Rendered shared/_flashes.html.erb (Duration: 0.7ms | Allocations: 206)
  Rendered layout layouts/application.html.erb (Duration: 302.1ms | Allocations: 29033)
Completed 200 OK in 311ms (Views: 308.5ms | ActiveRecord: 118.9ms | Allocations: 30074)


